model-android/README
model-android/am/final.mdl
model-android/conf/mfcc.conf
model-android/conf/model.conf
model-android/graph/Gr.fst
model-android/graph/HCLr.fst
model-android/graph/disambig_tid.int
model-android/graph/phones/word_boundary.int
model-android/graph/words.txt
model-android/ivector/final.dubm
model-android/ivector/final.ie
model-android/ivector/final.mat
model-android/ivector/global_cmvn.stats
model-android/ivector/online_cmvn.conf
model-android/ivector/splice.conf
model-small-ru/README
model-small-ru/am/final.mdl
model-small-ru/conf/mfcc.conf
model-small-ru/conf/model.conf
model-small-ru/graph/Gr.fst
model-small-ru/graph/HCLr.fst
model-small-ru/graph/disambig_tid.int
model-small-ru/graph/phones/word_boundary.int
model-small-ru/ivector/final.dubm
model-small-ru/ivector/final.ie
model-small-ru/ivector/final.mat
model-small-ru/ivector/global_cmvn.stats
model-small-ru/ivector/online_cmvn.conf
model-small-ru/ivector/splice.conf